# JRE version: OpenJDK Runtime Environment (7.0_91-b01) (build 1.7.0_91-b01)
# Java VM: OpenJDK 64-Bit Server VM (24.91-b01 mixed mode linux-amd64 compressed oops)
Heap
 PSYoungGen      total 207360K, used 22514K [0x00000000eaa80000, 0x00000000f9080000, 0x0000000100000000)
  eden space 184832K, 0% used [0x00000000eaa80000,0x00000000eaa80000,0x00000000f5f00000)
  from space 22528K, 99% used [0x00000000f5f00000,0x00000000f74fc9d0,0x00000000f7500000)
  to   space 16896K, 0% used [0x00000000f7500000,0x00000000f7500000,0x00000000f8580000)
 ParOldGen       total 61440K, used 40633K [0x00000000c0000000, 0x00000000c3c00000, 0x00000000eaa80000)
  object space 61440K, 66% used [0x00000000c0000000,0x00000000c27ae4c8,0x00000000c3c00000)
 PSPermGen       total 42496K, used 42126K [0x00000000b0000000, 0x00000000b2980000, 0x00000000c0000000)
  object space 42496K, 99% used [0x00000000b0000000,0x00000000b2923b28,0x00000000b2980000)
GC Heap History (10 events):
Event: 1.734 GC heap after
Heap after GC invocations=4 (full 0):
 PSYoungGen      total 51712K, used 3552K [0x00000000eaa80000, 0x00000000ee080000, 0x0000000100000000)
  eden space 48128K, 0% used [0x00000000eaa80000,0x00000000eaa80000,0x00000000ed980000)
  from space 3584K, 99% used [0x00000000edd00000,0x00000000ee078020,0x00000000ee080000)
  to   space 3584K, 0% used [0x00000000ed980000,0x00000000ed980000,0x00000000edd00000)
 ParOldGen       total 61440K, used 7023K [0x00000000c0000000, 0x00000000c3c00000, 0x00000000eaa80000)
  object space 61440K, 11% used [0x00000000c0000000,0x00000000c06dbcc0,0x00000000c3c00000)
 PSPermGen       total 21504K, used 17853K [0x00000000b0000000, 0x00000000b1500000, 0x00000000c0000000)
  object space 21504K, 83% used [0x00000000b0000000,0x00000000b116f448,0x00000000b1500000)
}
Event: 2.329 GC heap before
{Heap before GC invocations=5 (full 0):
 PSYoungGen      total 51712K, used 51680K [0x00000000eaa80000, 0x00000000ee080000, 0x0000000100000000)
  eden space 48128K, 100% used [0x00000000eaa80000,0x00000000ed980000,0x00000000ed980000)
  from space 3584K, 99% used [0x00000000edd00000,0x00000000ee078020,0x00000000ee080000)
  to   space 3584K, 0% used [0x00000000ed980000,0x00000000ed980000,0x00000000edd00000)
 ParOldGen       total 61440K, used 7023K [0x00000000c0000000, 0x00000000c3c00000, 0x00000000eaa80000)
  object space 61440K, 11% used [0x00000000c0000000,0x00000000c06dbcc0,0x00000000c3c00000)
 PSPermGen       total 22528K, used 22051K [0x00000000b0000000, 0x00000000b1600000, 0x00000000c0000000)
  object space 22528K, 97% used [0x00000000b0000000,0x00000000b1588e80,0x00000000b1600000)
Event: 2.340 GC heap after
Heap after GC invocations=5 (full 0):
 PSYoungGen      total 51712K, used 3584K [0x00000000eaa80000, 0x00000000f1d80000, 0x0000000100000000)
  eden space 48128K, 0% used [0x00000000eaa80000,0x00000000eaa80000,0x00000000ed980000)
  from space 3584K, 100% used [0x00000000ed980000,0x00000000edd00000,0x00000000edd00000)
  to   space 10752K, 0% used [0x00000000f1300000,0x00000000f1300000,0x00000000f1d80000)
 ParOldGen       total 61440K, used 13001K [0x00000000c0000000, 0x00000000c3c00000, 0x00000000eaa80000)
  object space 61440K, 21% used [0x00000000c0000000,0x00000000c0cb25f0,0x00000000c3c00000)
 PSPermGen       total 22528K, used 22051K [0x00000000b0000000, 0x00000000b1600000, 0x00000000c0000000)
  object space 22528K, 97% used [0x00000000b0000000,0x00000000b1588e80,0x00000000b1600000)
}
Event: 3.120 GC heap before
{Heap before GC invocations=6 (full 0):
 PSYoungGen      total 51712K, used 51712K [0x00000000eaa80000, 0x00000000f1d80000, 0x0000000100000000)
  eden space 48128K, 100% used [0x00000000eaa80000,0x00000000ed980000,0x00000000ed980000)
  from space 3584K, 100% used [0x00000000ed980000,0x00000000edd00000,0x00000000edd00000)
  to   space 10752K, 0% used [0x00000000f1300000,0x00000000f1300000,0x00000000f1d80000)
 ParOldGen       total 61440K, used 13001K [0x00000000c0000000, 0x00000000c3c00000, 0x00000000eaa80000)
  object space 61440K, 21% used [0x00000000c0000000,0x00000000c0cb25f0,0x00000000c3c00000)
 PSPermGen       total 26624K, used 26394K [0x00000000b0000000, 0x00000000b1a00000, 0x00000000c0000000)
  object space 26624K, 99% used [0x00000000b0000000,0x00000000b19c6a28,0x00000000b1a00000)
Event: 3.132 GC heap after
Heap after GC invocations=6 (full 0):
 PSYoungGen      total 105984K, used 8981K [0x00000000eaa80000, 0x00000000f1f80000, 0x0000000100000000)
  eden space 95232K, 0% used [0x00000000eaa80000,0x00000000eaa80000,0x00000000f0780000)
  from space 10752K, 83% used [0x00000000f1300000,0x00000000f1bc55d8,0x00000000f1d80000)
  to   space 11776K, 0% used [0x00000000f0780000,0x00000000f0780000,0x00000000f1300000)
 ParOldGen       total 61440K, used 13073K [0x00000000c0000000, 0x00000000c3c00000, 0x00000000eaa80000)
  object space 61440K, 21% used [0x00000000c0000000,0x00000000c0cc4600,0x00000000c3c00000)
 PSPermGen       total 26624K, used 26394K [0x00000000b0000000, 0x00000000b1a00000, 0x00000000c0000000)
  object space 26624K, 99% used [0x00000000b0000000,0x00000000b19c6a28,0x00000000b1a00000)
}
Event: 4.270 GC heap before
{Heap before GC invocations=7 (full 0):
 PSYoungGen      total 105984K, used 104213K [0x00000000eaa80000, 0x00000000f1f80000, 0x0000000100000000)
  eden space 95232K, 100% used [0x00000000eaa80000,0x00000000f0780000,0x00000000f0780000)
  from space 10752K, 83% used [0x00000000f1300000,0x00000000f1bc55d8,0x00000000f1d80000)
  to   space 11776K, 0% used [0x00000000f0780000,0x00000000f0780000,0x00000000f1300000)
 ParOldGen       total 61440K, used 13073K [0x00000000c0000000, 0x00000000c3c00000, 0x00000000eaa80000)
  object space 61440K, 21% used [0x00000000c0000000,0x00000000c0cc4600,0x00000000c3c00000)
 PSPermGen       total 32256K, used 32050K [0x00000000b0000000, 0x00000000b1f80000, 0x00000000c0000000)
  object space 32256K, 99% used [0x00000000b0000000,0x00000000b1f4c910,0x00000000b1f80000)
Event: 4.286 GC heap after
Heap after GC invocations=7 (full 0):
 PSYoungGen      total 107008K, used 11768K [0x00000000eaa80000, 0x00000000f8580000, 0x0000000100000000)
  eden space 95232K, 0% used [0x00000000eaa80000,0x00000000eaa80000,0x00000000f0780000)
  from space 11776K, 99% used [0x00000000f0780000,0x00000000f12fe178,0x00000000f1300000)
  to   space 16896K, 0% used [0x00000000f7500000,0x00000000f7500000,0x00000000f8580000)
 ParOldGen       total 61440K, used 19795K [0x00000000c0000000, 0x00000000c3c00000, 0x00000000eaa80000)
  object space 61440K, 32% used [0x00000000c0000000,0x00000000c1354d50,0x00000000c3c00000)
 PSPermGen       total 32256K, used 32050K [0x00000000b0000000, 0x00000000b1f80000, 0x00000000c0000000)
  object space 32256K, 99% used [0x00000000b0000000,0x00000000b1f4c910,0x00000000b1f80000)
}
Event: 5.370 GC heap before
{Heap before GC invocations=8 (full 0):
 PSYoungGen      total 107008K, used 107000K [0x00000000eaa80000, 0x00000000f8580000, 0x0000000100000000)
  eden space 95232K, 100% used [0x00000000eaa80000,0x00000000f0780000,0x00000000f0780000)
  from space 11776K, 99% used [0x00000000f0780000,0x00000000f12fe178,0x00000000f1300000)
  to   space 16896K, 0% used [0x00000000f7500000,0x00000000f7500000,0x00000000f8580000)
 ParOldGen       total 61440K, used 19795K [0x00000000c0000000, 0x00000000c3c00000, 0x00000000eaa80000)
  object space 61440K, 32% used [0x00000000c0000000,0x00000000c1354d50,0x00000000c3c00000)
 PSPermGen       total 36864K, used 36783K [0x00000000b0000000, 0x00000000b2400000, 0x00000000c0000000)
  object space 36864K, 99% used [0x00000000b0000000,0x00000000b23ebc20,0x00000000b2400000)
Event: 5.392 GC heap after
Heap after GC invocations=8 (full 0):
 PSYoungGen      total 201728K, used 16882K [0x00000000eaa80000, 0x00000000f9080000, 0x0000000100000000)
  eden space 184832K, 0% used [0x00000000eaa80000,0x00000000eaa80000,0x00000000f5f00000)
  from space 16896K, 99% used [0x00000000f7500000,0x00000000f857c9d0,0x00000000f8580000)
  to   space 22528K, 0% used [0x00000000f5f00000,0x00000000f5f00000,0x00000000f7500000)
 ParOldGen       total 61440K, used 26028K [0x00000000c0000000, 0x00000000c3c00000, 0x00000000eaa80000)
  object space 61440K, 42% used [0x00000000c0000000,0x00000000c196b308,0x00000000c3c00000)
 PSPermGen       total 36864K, used 36783K [0x00000000b0000000, 0x00000000b2400000, 0x00000000c0000000)
  object space 36864K, 99% used [0x00000000b0000000,0x00000000b23ebc20,0x00000000b2400000)
}
Event: 7.326 GC heap before
{Heap before GC invocations=9 (full 0):
 PSYoungGen      total 201728K, used 201714K [0x00000000eaa80000, 0x00000000f9080000, 0x0000000100000000)
  eden space 184832K, 100% used [0x00000000eaa80000,0x00000000f5f00000,0x00000000f5f00000)
  from space 16896K, 99% used [0x00000000f7500000,0x00000000f857c9d0,0x00000000f8580000)
  to   space 22528K, 0% used [0x00000000f5f00000,0x00000000f5f00000,0x00000000f7500000)
 ParOldGen       total 61440K, used 26028K [0x00000000c0000000, 0x00000000c3c00000, 0x00000000eaa80000)
  object space 61440K, 42% used [0x00000000c0000000,0x00000000c196b308,0x00000000c3c00000)
 PSPermGen       total 42496K, used 42126K [0x00000000b0000000, 0x00000000b2980000, 0x00000000c0000000)
  object space 42496K, 99% used [0x00000000b0000000,0x00000000b2923b28,0x00000000b2980000)

